<?xml version="1.0" encoding="UTF-8"?>
<!-- Generated by org.testng.reporters.JUnitXMLReporter -->
<testsuite hostname="DESKTOP-GHU5DRM" ignored="2" name="Command line test" tests="5" failures="0" timestamp="2022-07-08T17:10:39 IST" time="4.71" errors="0">
  <testcase name="createEmployeeDetailsUsingJavaObject" time="4.064" classname="com.restapitests.PostTest"/>
  <testcase name="createEmployeeDetailsUsingJsonFile" time="0.229" classname="com.restapitests.PostTest"/>
  <testcase name="createEmployeeDetailsUsingJsonObject" time="0.1" classname="com.restapitests.PostTest"/>
  <testcase name="createEmployeeDetailsUsingPlainJson" time="0.115" classname="com.restapitests.PostTest"/>
  <testcase name="createEmployeeDetailsUsingPojo" time="0.121" classname="com.restapitests.PostTest"/>
  <testcase name="@BeforeSuite initializeReport" time="0.0" classname="com.restapitests.BaseTest">
    <ignored/>
  </testcase> <!-- @BeforeSuite initializeReport -->
  <testcase name="@AfterSuite tearDown" time="0.0" classname="com.restapitests.BaseTest">
    <ignored/>
  </testcase> <!-- @AfterSuite tearDown -->
</testsuite> <!-- Command line test -->
